#
# There is insufficient memory for the Java Runtime Environment to continue.
# Native memory allocation (malloc) failed to allocate 1632816 bytes for Chunk::new
# Possible reasons:
#   The system is out of physical RAM or swap space
#   In 32 bit mode, the process size limit was hit
# Possible solutions:
#   Reduce memory load on the system
#   Increase physical memory or swap space
#   Check if swap backing store is full
#   Use 64 bit Java on a 64 bit OS
#   Decrease Java heap size (-Xmx/-Xms)
#   Decrease number of Java threads
#   Decrease Java thread stack sizes (-Xss)
#   Set larger code cache with -XX:ReservedCodeCacheSize=
# This output file may be truncated or incomplete.
#
#  Out of Memory Error (allocation.cpp:390), pid=10264, tid=0x0000000000002828
#
# JRE version: Java(TM) SE Runtime Environment (8.0_131-b11) (build 1.8.0_131-b11)
# Java VM: Java HotSpot(TM) 64-Bit Server VM (25.131-b11 mixed mode windows-amd64 compressed oops)
# Failed to write core dump. Minidumps are not enabled by default on client versions of Windows
#

---------------  T H R E A D  ---------------

Current thread (0x0000000017aac800):  JavaThread "C2 CompilerThread1" daemon [_thread_in_native, id=10280, stack(0x0000000019930000,0x0000000019a30000)]

Stack: [0x0000000019930000,0x0000000019a30000]
[error occurred during error reporting (printing stack bounds), id 0xc0000005]

Native frames: (J=compiled Java code, j=interpreted, Vv=VM code, C=native code)


Current CompileTask:
C2:   1856 1369   !   4       org.apache.maven.model.interpolation.StringSearchModelInterpolator$InterpolateObjectAction::traverseObjectWithParents (118 bytes)


---------------  P R O C E S S  ---------------

Java Threads: ( => current thread )
  0x000000001a7eb000 JavaThread "Thread-1" daemon [_thread_blocked, id=940, stack(0x000000001bf00000,0x000000001c000000)]
  0x000000001b327800 JavaThread "Thread-3" daemon [_thread_in_native, id=3460, stack(0x000000001be00000,0x000000001bf00000)]
  0x000000001b327000 JavaThread "Thread-2" daemon [_thread_in_native, id=3564, stack(0x000000001bd00000,0x000000001be00000)]
  0x0000000019bad800 JavaThread "Service Thread" daemon [_thread_blocked, id=5364, stack(0x0000000019f30000,0x000000001a030000)]
  0x0000000017aae000 JavaThread "C1 CompilerThread2" daemon [_thread_blocked, id=2280, stack(0x0000000019a30000,0x0000000019b30000)]
=>0x0000000017aac800 JavaThread "C2 CompilerThread1" daemon [_thread_in_native, id=10280, stack(0x0000000019930000,0x0000000019a30000)]
  0x0000000017aa8000 JavaThread "C2 CompilerThread0" daemon [_thread_blocked, id=5968, stack(0x0000000019830000,0x0000000019930000)]
  0x0000000017aa5000 JavaThread "Attach Listener" daemon [_thread_blocked, id=9576, stack(0x0000000019730000,0x0000000019830000)]
  0x0000000017aa4000 JavaThread "Signal Dispatcher" daemon [_thread_blocked, id=8612, stack(0x0000000019630000,0x0000000019730000)]
  0x0000000017a8c800 JavaThread "Finalizer" daemon [_thread_blocked, id=4888, stack(0x0000000019330000,0x0000000019430000)]
  0x0000000002c34000 JavaThread "Reference Handler" daemon [_thread_blocked, id=4448, stack(0x0000000019230000,0x0000000019330000)]
  0x000000000295e800 JavaThread "main" [_thread_in_native, id=5376, stack(0x0000000002a40000,0x0000000002b40000)]

Other Threads:
  0x0000000017a68000 VMThread [stack: 0x0000000019130000,0x0000000019230000] [id=11176]
  0x0000000019bcb000 WatcherThread [stack: 0x000000001a030000,0x000000001a130000] [id=5028]

VM state:not at safepoint (normal execution)

VM Mutex/Monitor currently owned by a thread: None

Heap:
 PSYoungGen      total 38400K, used 27883K [0x00000000d5580000, 0x00000000da080000, 0x0000000100000000)
  eden space 33280K, 68% used [0x00000000d5580000,0x00000000d6bc2a60,0x00000000d7600000)
  from space 5120K, 99% used [0x00000000d7b00000,0x00000000d7ff81d0,0x00000000d8000000)
  to   space 5120K, 0% used [0x00000000d7600000,0x00000000d7600000,0x00000000d7b00000)
 ParOldGen       total 87552K, used 1922K [0x0000000080000000, 0x0000000085580000, 0x00000000d5580000)
  object space 87552K, 2% used [0x0000000080000000,0x00000000801e0928,0x0000000085580000)
 Metaspace       used 13150K, capacity 13448K, committed 13824K, reserved 1060864K
  class space    used 1610K, capacity 1687K, committed 1792K, reserved 1048576K

Card table byte_map: [0x0000000012000000,0x0000000012410000] byte_map_base: 0x0000000011c00000

Marking Bits: (ParMarkBitMap*) 0x000000005f19c720
 Begin Bits: [0x0000000012cc0000, 0x0000000014cc0000)
 End Bits:   [0x0000000014cc0000, 0x0000000016cc0000)

Polling page: 0x00000000028f0000

CodeCache: size=245760Kb used=6015Kb max_used=6026Kb free=239744Kb
 bounds [0x0000000002c40000, 0x0000000003230000, 0x0000000011c40000]
 total_blobs=2109 nmethods=1789 adapters=233
 compilation: enabled

Compilation events (10 events):
Event: 1.785 Thread 0x0000000017aa8000 1335       4       java.lang.reflect.Field::get (51 bytes)
Event: 1.788 Thread 0x0000000017aa8000 nmethod 1335 0x0000000003221750 code [0x00000000032218c0, 0x0000000003221ae8]
Event: 1.788 Thread 0x0000000017aa8000 1535       4       java.util.regex.Pattern$1::isSatisfiedBy (13 bytes)
Event: 1.789 Thread 0x0000000017aa8000 nmethod 1535 0x0000000003090410 code [0x0000000003090540, 0x00000000030905b8]
Event: 1.789 Thread 0x0000000017aa8000 1315       4       java.util.ArrayList::ensureCapacityInternal (23 bytes)
Event: 1.792 Thread 0x0000000017aa8000 nmethod 1315 0x00000000032228d0 code [0x0000000003222a20, 0x0000000003222c78]
Event: 1.792 Thread 0x0000000017aa8000 1311       4       org.codehaus.plexus.util.xml.pull.MXParser::isNameStartChar (63 bytes)
Event: 1.792 Thread 0x0000000017aa8000 nmethod 1311 0x0000000003216b90 code [0x0000000003216ce0, 0x0000000003216db8]
Event: 1.792 Thread 0x0000000017aa8000 1775       4       com.google.common.collect.CustomConcurrentHashMap::rehash (49 bytes)
Event: 1.793 Thread 0x0000000017aa8000 nmethod 1775 0x0000000003107e10 code [0x0000000003107f40, 0x0000000003107fd8]

GC Heap History (4 events):
Event: 0.714 GC heap before
{Heap before GC invocations=1 (full 0):
 PSYoungGen      total 38400K, used 33280K [0x00000000d5580000, 0x00000000d8000000, 0x0000000100000000)
  eden space 33280K, 100% used [0x00000000d5580000,0x00000000d7600000,0x00000000d7600000)
  from space 5120K, 0% used [0x00000000d7b00000,0x00000000d7b00000,0x00000000d8000000)
  to   space 5120K, 0% used [0x00000000d7600000,0x00000000d7600000,0x00000000d7b00000)
 ParOldGen       total 87552K, used 0K [0x0000000080000000, 0x0000000085580000, 0x00000000d5580000)
  object space 87552K, 0% used [0x0000000080000000,0x0000000080000000,0x0000000085580000)
 Metaspace       used 7793K, capacity 7950K, committed 8064K, reserved 1056768K
  class space    used 986K, capacity 1053K, committed 1152K, reserved 1048576K
Event: 0.721 GC heap after
Heap after GC invocations=1 (full 0):
 PSYoungGen      total 38400K, used 4592K [0x00000000d5580000, 0x00000000d8000000, 0x0000000100000000)
  eden space 33280K, 0% used [0x00000000d5580000,0x00000000d5580000,0x00000000d7600000)
  from space 5120K, 89% used [0x00000000d7600000,0x00000000d7a7c370,0x00000000d7b00000)
  to   space 5120K, 0% used [0x00000000d7b00000,0x00000000d7b00000,0x00000000d8000000)
 ParOldGen       total 87552K, used 16K [0x0000000080000000, 0x0000000085580000, 0x00000000d5580000)
  object space 87552K, 0% used [0x0000000080000000,0x0000000080004000,0x0000000085580000)
 Metaspace       used 7793K, capacity 7950K, committed 8064K, reserved 1056768K
  class space    used 986K, capacity 1053K, committed 1152K, reserved 1048576K
}
Event: 1.468 GC heap before
{Heap before GC invocations=2 (full 0):
 PSYoungGen      total 38400K, used 37872K [0x00000000d5580000, 0x00000000d8000000, 0x0000000100000000)
  eden space 33280K, 100% used [0x00000000d5580000,0x00000000d7600000,0x00000000d7600000)
  from space 5120K, 89% used [0x00000000d7600000,0x00000000d7a7c370,0x00000000d7b00000)
  to   space 5120K, 0% used [0x00000000d7b00000,0x00000000d7b00000,0x00000000d8000000)
 ParOldGen       total 87552K, used 16K [0x0000000080000000, 0x0000000085580000, 0x00000000d5580000)
  object space 87552K, 0% used [0x0000000080000000,0x0000000080004000,0x0000000085580000)
 Metaspace       used 12340K, capacity 12560K, committed 12928K, reserved 1060864K
  class space    used 1516K, capacity 1581K, committed 1664K, reserved 1048576K
Event: 1.477 GC heap after
Heap after GC invocations=2 (full 0):
 PSYoungGen      total 38400K, used 5088K [0x00000000d5580000, 0x00000000da080000, 0x0000000100000000)
  eden space 33280K, 0% used [0x00000000d5580000,0x00000000d5580000,0x00000000d7600000)
  from space 5120K, 99% used [0x00000000d7b00000,0x00000000d7ff81d0,0x00000000d8000000)
  to   space 5120K, 0% used [0x00000000d7600000,0x00000000d7600000,0x00000000d7b00000)
 ParOldGen       total 87552K, used 1922K [0x0000000080000000, 0x0000000085580000, 0x00000000d5580000)
  object space 87552K, 2% used [0x0000000080000000,0x00000000801e0928,0x0000000085580000)
 Metaspace       used 12340K, capacity 12560K, committed 12928K, reserved 1060864K
  class space    used 1516K, capacity 1581K, committed 1664K, reserved 1048576K
}

Deoptimization events (10 events):
Event: 1.399 Thread 0x000000000295e800 Uncommon trap: reason=unstable_if action=reinterpret pc=0x0000000002fb2588 method=java.util.HashMap.hash(Ljava/lang/Object;)I @ 1
Event: 1.427 Thread 0x000000000295e800 Uncommon trap: reason=bimorphic action=maybe_recompile pc=0x0000000002f6c3d4 method=java.util.HashMap.putVal(ILjava/lang/Object;Ljava/lang/Object;ZZ)Ljava/lang/Object; @ 203
Event: 1.678 Thread 0x000000000295e800 Uncommon trap: reason=unstable_if action=reinterpret pc=0x0000000003098a40 method=sun.nio.cs.UTF_8$Decoder.decode([BII[C)I @ 30
Event: 1.679 Thread 0x000000000295e800 Uncommon trap: reason=unstable_if action=reinterpret pc=0x0000000002ec04b8 method=sun.nio.cs.UTF_8$Decoder.decodeArrayLoop(Ljava/nio/ByteBuffer;Ljava/nio/CharBuffer;)Ljava/nio/charset/CoderResult; @ 84
Event: 1.686 Thread 0x000000000295e800 Uncommon trap: reason=unstable_if action=reinterpret pc=0x000000000304b8f0 method=sun.nio.cs.UTF_8$Decoder.decode([BII[C)I @ 30
Event: 1.689 Thread 0x000000000295e800 Uncommon trap: reason=speculate_class_check action=maybe_recompile pc=0x000000000310e508 method=java.nio.charset.CharsetDecoder.decode(Ljava/nio/ByteBuffer;Ljava/nio/CharBuffer;Z)Ljava/nio/charset/CoderResult; @ 57
Event: 1.690 Thread 0x000000000295e800 Uncommon trap: reason=speculate_class_check action=maybe_recompile pc=0x000000000310e508 method=java.nio.charset.CharsetDecoder.decode(Ljava/nio/ByteBuffer;Ljava/nio/CharBuffer;Z)Ljava/nio/charset/CoderResult; @ 57
Event: 1.691 Thread 0x000000000295e800 Uncommon trap: reason=speculate_class_check action=maybe_recompile pc=0x000000000310e508 method=java.nio.charset.CharsetDecoder.decode(Ljava/nio/ByteBuffer;Ljava/nio/CharBuffer;Z)Ljava/nio/charset/CoderResult; @ 57
Event: 1.692 Thread 0x000000000295e800 Uncommon trap: reason=speculate_class_check action=maybe_recompile pc=0x000000000310e508 method=java.nio.charset.CharsetDecoder.decode(Ljava/nio/ByteBuffer;Ljava/nio/CharBuffer;Z)Ljava/nio/charset/CoderResult; @ 57
Event: 1.697 Thread 0x000000000295e800 Uncommon trap: reason=class_check action=maybe_recompile pc=0x00000000031a7c90 method=org.apache.maven.model.interpolation.StringSearchModelInterpolator$InterpolateObjectAction.interpolateMapField(Ljava/lang/Object;Ljava/lang/reflect/Field;)V @ 126

Internal exceptions (10 events):
Event: 0.450 Thread 0x000000000295e800 Exception <a 'java/lang/ArrayIndexOutOfBoundsException'> (0x00000000d6248cc0) thrown at [C:\re\workspace\8-2-build-windows-amd64-cygwin\jdk8u131\8869\hotspot\src\share\vm\runtime\sharedRuntime.cpp, line 605]
Event: 0.611 Thread 0x000000000295e800 Exception <a 'java/lang/ArrayIndexOutOfBoundsException'> (0x00000000d70c1de0) thrown at [C:\re\workspace\8-2-build-windows-amd64-cygwin\jdk8u131\8869\hotspot\src\share\vm\runtime\sharedRuntime.cpp, line 605]
Event: 0.611 Thread 0x000000000295e800 Exception <a 'java/lang/ArrayIndexOutOfBoundsException'> (0x00000000d70c4128) thrown at [C:\re\workspace\8-2-build-windows-amd64-cygwin\jdk8u131\8869\hotspot\src\share\vm\runtime\sharedRuntime.cpp, line 605]
Event: 0.708 Thread 0x000000000295e800 Exception <a 'java/lang/NoClassDefFoundError': org/slf4j/Logger> (0x00000000d75a6b00) thrown at [C:\re\workspace\8-2-build-windows-amd64-cygwin\jdk8u131\8869\hotspot\src\share\vm\classfile\systemDictionary.cpp, line 199]
Event: 0.773 Thread 0x000000000295e800 Exception <a 'java/lang/NoClassDefFoundError': org/slf4j/LoggerFactory> (0x00000000d5813fb8) thrown at [C:\re\workspace\8-2-build-windows-amd64-cygwin\jdk8u131\8869\hotspot\src\share\vm\classfile\systemDictionary.cpp, line 199]
Event: 0.773 Thread 0x000000000295e800 Exception <a 'java/lang/NoClassDefFoundError'> (0x00000000d5813fb8) thrown at [C:\re\workspace\8-2-build-windows-amd64-cygwin\jdk8u131\8869\hotspot\src\share\vm\oops\instanceKlass.cpp, line 964]
Event: 1.398 Thread 0x000000000295e800 Implicit null exception at 0x0000000003006915 to 0x0000000003006aed
Event: 1.398 Thread 0x000000000295e800 Implicit null exception at 0x0000000002f4cb2f to 0x0000000002f4cb99
Event: 1.399 Thread 0x000000000295e800 Implicit null exception at 0x0000000002fb1fbb to 0x0000000002fb2575
Event: 1.731 Thread 0x000000000295e800 Exception <a 'java/lang/NoClassDefFoundError': org/slf4j/Logger> (0x00000000d686cc08) thrown at [C:\re\workspace\8-2-build-windows-amd64-cygwin\jdk8u131\8869\hotspot\src\share\vm\oops\constantPool.cpp, line 235]

Events (10 events):
Event: 1.776 loading class org/apache/commons/exec/InputStreamPumper done
Event: 1.776 loading class org/apache/commons/exec/InputStreamPumper
Event: 1.776 loading class org/apache/commons/exec/InputStreamPumper done
Event: 1.776 loading class org/apache/commons/exec/StreamPumper
Event: 1.776 loading class org/apache/commons/exec/StreamPumper done
Event: 1.776 loading class org/apache/commons/exec/StreamPumper
Event: 1.776 loading class org/apache/commons/exec/StreamPumper done
Event: 1.777 Thread 0x000000001b327000 Thread added: 0x000000001b327000
Event: 1.777 Thread 0x000000001b327800 Thread added: 0x000000001b327800
Event: 1.777 Thread 0x000000001a7eb000 Thread added: 0x000000001a7eb000


Dynamic libraries:
0x00007ff62ca90000 - 0x00007ff62cac7000 	C:\Program Files\Java\jdk1.8.0_131\bin\java.exe
0x00007ffdf9050000 - 0x00007ffdf922b000 	C:\WINDOWS\SYSTEM32\ntdll.dll
0x00007ffdf8030000 - 0x00007ffdf80de000 	C:\WINDOWS\System32\KERNEL32.DLL
0x00007ffdf6270000 - 0x00007ffdf64b9000 	C:\WINDOWS\System32\KERNELBASE.dll
0x00007ffdf7e40000 - 0x00007ffdf7ee1000 	C:\WINDOWS\System32\ADVAPI32.dll
0x00007ffdf7ef0000 - 0x00007ffdf7f8d000 	C:\WINDOWS\System32\msvcrt.dll
0x00007ffdf67c0000 - 0x00007ffdf6819000 	C:\WINDOWS\System32\sechost.dll
0x00007ffdf8ef0000 - 0x00007ffdf9015000 	C:\WINDOWS\System32\RPCRT4.dll
0x00007ffdf8d40000 - 0x00007ffdf8e8a000 	C:\WINDOWS\System32\USER32.dll
0x00007ffdf5550000 - 0x00007ffdf556e000 	C:\WINDOWS\System32\win32u.dll
0x00007ffdf81b0000 - 0x00007ffdf81d7000 	C:\WINDOWS\System32\GDI32.dll
0x00007ffdf58e0000 - 0x00007ffdf5a68000 	C:\WINDOWS\System32\gdi32full.dll
0x00007ffdf5840000 - 0x00007ffdf58da000 	C:\WINDOWS\System32\msvcp_win.dll
0x00007ffdf5740000 - 0x00007ffdf5836000 	C:\WINDOWS\System32\ucrtbase.dll
0x00007ffdeb580000 - 0x00007ffdeb7e7000 	C:\WINDOWS\WinSxS\amd64_microsoft.windows.common-controls_6595b64144ccf1df_6.0.15063.483_none_26002d27e7c744a2\COMCTL32.dll
0x00007ffdf8460000 - 0x00007ffdf8759000 	C:\WINDOWS\System32\combase.dll
0x00007ffdf64c0000 - 0x00007ffdf652a000 	C:\WINDOWS\System32\bcryptPrimitives.dll
0x00007ffdf80e0000 - 0x00007ffdf810d000 	C:\WINDOWS\System32\IMM32.DLL
0x000000005e8a0000 - 0x000000005e972000 	C:\Program Files\Java\jdk1.8.0_131\jre\bin\msvcr100.dll
0x000000005e980000 - 0x000000005f21c000 	C:\Program Files\Java\jdk1.8.0_131\jre\bin\server\jvm.dll
0x00007ffdf9040000 - 0x00007ffdf9048000 	C:\WINDOWS\System32\PSAPI.DLL
0x00007ffdf3850000 - 0x00007ffdf3873000 	C:\WINDOWS\SYSTEM32\WINMM.dll
0x00007ffdf0250000 - 0x00007ffdf025a000 	C:\WINDOWS\SYSTEM32\VERSION.dll
0x00007ffdf3820000 - 0x00007ffdf384b000 	C:\WINDOWS\SYSTEM32\WINMMBASE.dll
0x00007ffdf5a70000 - 0x00007ffdf5ab9000 	C:\WINDOWS\System32\cfgmgr32.dll
0x00007ffdf39b0000 - 0x00007ffdf39b9000 	C:\WINDOWS\SYSTEM32\WSOCK32.dll
0x00007ffdf6820000 - 0x00007ffdf688c000 	C:\WINDOWS\System32\WS2_32.dll
0x000000005e850000 - 0x000000005e85f000 	C:\Program Files\Java\jdk1.8.0_131\jre\bin\verify.dll
0x000000005e820000 - 0x000000005e849000 	C:\Program Files\Java\jdk1.8.0_131\jre\bin\java.dll
0x000000005e800000 - 0x000000005e816000 	C:\Program Files\Java\jdk1.8.0_131\jre\bin\zip.dll
0x00007ffdf6890000 - 0x00007ffdf7cc7000 	C:\WINDOWS\System32\SHELL32.dll
0x00007ffdf83b0000 - 0x00007ffdf845a000 	C:\WINDOWS\System32\shcore.dll
0x00007ffdf5b70000 - 0x00007ffdf6262000 	C:\WINDOWS\System32\windows.storage.dll
0x00007ffdf7cd0000 - 0x00007ffdf7d21000 	C:\WINDOWS\System32\shlwapi.dll
0x00007ffdf5510000 - 0x00007ffdf5521000 	C:\WINDOWS\System32\kernel.appcore.dll
0x00007ffdf54a0000 - 0x00007ffdf54ec000 	C:\WINDOWS\System32\powrprof.dll
0x00007ffdf54f0000 - 0x00007ffdf5505000 	C:\WINDOWS\System32\profapi.dll
0x000000005e7e0000 - 0x000000005e7fa000 	C:\Program Files\Java\jdk1.8.0_131\jre\bin\net.dll
0x00007ffdf4db0000 - 0x00007ffdf4e0c000 	C:\WINDOWS\system32\mswsock.dll
0x000000005e7c0000 - 0x000000005e7d1000 	C:\Program Files\Java\jdk1.8.0_131\jre\bin\nio.dll

VM Arguments:
jvm_args: -Dclassworlds.conf=C:\Program Files\NetBeans 8.2\java\maven\bin\m2.conf -Dmaven.home=C:\Program Files\NetBeans 8.2\java\maven 
java_command: org.codehaus.plexus.classworlds.launcher.Launcher -Dexec.args=-classpath %classpath com.mycompany.relation2.test.TestClass -Dexec.executable=C:\Program Files\Java\jdk1.8.0_131\bin\java.exe -Dmaven.ext.class.path=C:\Program Files\NetBeans 8.2\java\maven-nblib\netbeans-eventspy.jar -Dfile.encoding=UTF-8 org.codehaus.mojo:exec-maven-plugin:1.2.1:exec
java_class_path (initial): C:\Program Files\NetBeans 8.2\java\maven\boot\plexus-classworlds-2.4.jar
Launcher Type: SUN_STANDARD

Environment Variables:
JAVA_HOME=C:\Program Files\Java\jdk1.8.0_131
PATH=c:\program files (x86)\pc connectivity solution\;c:\programdata\oracle\java\javapath;c:\windows\system32;c:\windows;c:\windows\system32\wbem;c:\program files (x86)\common files\microsoft shared\windows live;c:\windows\system32\windowspowershell\v1.0;c:\program files (x86)\autodesk\backburner;c:\program files\common files\autodesk shared;c:\program files (x86)\microsoft sql server\100\tools\binn;c:\program files\microsoft sql server\100\tools\binn;c:\program files\microsoft sql server\100\dts\binn;c:\program files (x86)\microsoft sql server\100\tools\binn\vsshell\common7\ide;c:\program files (x86)\microsoft sql server\100\dts\binn;c:\program files (x86)\quicktime\qtsystem;c:\windows\system32\windowspowershell\v1.0\;c:\program files\microsoft\web platform installer\;c:\program files (x86)\skype\phone\;C:\WINDOWS\system32;C:\WINDOWS;C:\WINDOWS\System32\Wbem;C:\WINDOWS\System32\WindowsPowerShell\v1.0\;C:\Program Files\Microsoft SQL Server\Client SDK\ODBC\110\Tools\Binn\;C:\Program Files (x86)\Microsoft SQL Server\120\Tools\Binn\;C:\Program Files\Microsoft SQL Server\120\Tools\Binn\;C:\Program Files\Microsoft SQL Server\120\DTS\Binn\;C:\Program Files (x86)\Microsoft SQL Server\120\Tools\Binn\ManagementStudio\;C:\Program Files (x86)\Microsoft SQL Server\120\DTS\Binn\;C:\Program Files\Microsoft SQL Server\130\Tools\Binn\;C:\Program Files\dotnet\;%SystemRoot%\system32;%SystemRoot%;%SystemRoot%\System32\Wbem;%SYSTEMROOT%\System32\WindowsPowerShell\v1.0\;C:\Program Files (x86)\NVIDIA Corporation\PhysX\Common;C:\Program Files\Common Files\Microsoft Shared\Windows Live;C:\Users\Grzegorz\AppData\Local\Microsoft\WindowsApps;
USERNAME=Grzegorz
OS=Windows_NT
PROCESSOR_IDENTIFIER=AMD64 Family 16 Model 10 Stepping 0, AuthenticAMD



---------------  S Y S T E M  ---------------

OS: Windows 10.0 , 64 bit Build 15063 (10.0.15063.296)

CPU:total 6 (initial active 6) (6 cores per cpu, 1 threads per core) family 16 model 10 stepping 0, cmov, cx8, fxsr, mmx, sse, sse2, sse3, popcnt, mmxext, 3dnowpref, lzcnt, sse4a, tsc, tscinvbit, tscinv

Memory: 4k page, physical 8386100k(2561272k free), swap 10868808k(11280k free)

vm_info: Java HotSpot(TM) 64-Bit Server VM (25.131-b11) for windows-amd64 JRE (1.8.0_131-b11), built on Mar 15 2017 01:23:53 by "java_re" with MS VC++ 10.0 (VS2010)

time: Thu Jul 27 16:17:26 2017
elapsed time: 1 seconds (0d 0h 0m 1s)

