#
# There is insufficient memory for the Java Runtime Environment to continue.
# Native memory allocation (malloc) failed to allocate 1048576 bytes for AllocateHeap
# Possible reasons:
#   The system is out of physical RAM or swap space
#   In 32 bit mode, the process size limit was hit
# Possible solutions:
#   Reduce memory load on the system
#   Increase physical memory or swap space
#   Check if swap backing store is full
#   Use 64 bit Java on a 64 bit OS
#   Decrease Java heap size (-Xmx/-Xms)
#   Decrease number of Java threads
#   Decrease Java thread stack sizes (-Xss)
#   Set larger code cache with -XX:ReservedCodeCacheSize=
# This output file may be truncated or incomplete.
#
#  Out of Memory Error (memory/allocation.inline.hpp:61), pid=11440, tid=0x0000000000000e44
#
# JRE version:  (8.0_131-b11) (build )
# Java VM: Java HotSpot(TM) 64-Bit Server VM (25.131-b11 mixed mode windows-amd64 compressed oops)
# Failed to write core dump. Minidumps are not enabled by default on client versions of Windows
#

---------------  T H R E A D  ---------------

Current thread (0x0000000002f82800):  JavaThread "Unknown thread" [_thread_in_vm, id=3652, stack(0x0000000002dd0000,0x0000000002ed0000)]

Stack: [0x0000000002dd0000,0x0000000002ed0000]
[error occurred during error reporting (printing stack bounds), id 0xc0000005]

Native frames: (J=compiled Java code, j=interpreted, Vv=VM code, C=native code)


---------------  P R O C E S S  ---------------

Java Threads: ( => current thread )

Other Threads:

=>0x0000000002f82800 (exited) JavaThread "Unknown thread" [_thread_in_vm, id=3652, stack(0x0000000002dd0000,0x0000000002ed0000)]

VM state:not at safepoint (normal execution)

VM Mutex/Monitor currently owned by a thread: None

Heap:
 PSYoungGen      total 38400K, used 665K [0x00000000d5580000, 0x00000000d8000000, 0x0000000100000000)
  eden space 33280K, 2% used [0x00000000d5580000,0x00000000d5626670,0x00000000d7600000)
  from space 5120K, 0% used [0x00000000d7b00000,0x00000000d7b00000,0x00000000d8000000)
  to   space 5120K, 0% used [0x00000000d7600000,0x00000000d7600000,0x00000000d7b00000)
 ParOldGen       total 87552K, used 0K [0x0000000080000000, 0x0000000085580000, 0x00000000d5580000)
  object space 87552K, 0% used [0x0000000080000000,0x0000000080000000,0x0000000085580000)
 Metaspace       used 770K, capacity 4480K, committed 4480K, reserved 1056768K
  class space    used 75K, capacity 384K, committed 384K, reserved 1048576K

Card table byte_map: [0x0000000012440000,0x0000000012850000] byte_map_base: 0x0000000012040000

Marking Bits: (ParMarkBitMap*) 0x000000005f19c720
 Begin Bits: [0x0000000013100000, 0x0000000015100000)
 End Bits:   [0x0000000015100000, 0x0000000017100000)

Polling page: 0x00000000015a0000

CodeCache: size=245760Kb used=327Kb max_used=327Kb free=245432Kb
 bounds [0x0000000003080000, 0x00000000032f0000, 0x0000000012080000]
 total_blobs=57 nmethods=0 adapters=38
 compilation: enabled

Compilation events (0 events):
No events

GC Heap History (0 events):
No events

Deoptimization events (0 events):
No events

Internal exceptions (0 events):
No events

Events (10 events):
Event: 0.026 loading class java/lang/Short
Event: 0.026 loading class java/lang/Short done
Event: 0.026 loading class java/lang/Integer
Event: 0.026 loading class java/lang/Integer done
Event: 0.026 loading class java/lang/Long
Event: 0.026 loading class java/lang/Long done
Event: 0.027 loading class java/lang/NullPointerException
Event: 0.027 loading class java/lang/NullPointerException done
Event: 0.027 loading class java/lang/ArithmeticException
Event: 0.027 loading class java/lang/ArithmeticException done


Dynamic libraries:
0x00007ff62ca90000 - 0x00007ff62cac7000 	C:\Program Files\Java\jdk1.8.0_131\bin\java.exe
0x00007ffdf9050000 - 0x00007ffdf922b000 	C:\WINDOWS\SYSTEM32\ntdll.dll
0x00007ffdf8030000 - 0x00007ffdf80de000 	C:\WINDOWS\System32\KERNEL32.DLL
0x00007ffdf6270000 - 0x00007ffdf64b9000 	C:\WINDOWS\System32\KERNELBASE.dll
0x00007ffdf7e40000 - 0x00007ffdf7ee1000 	C:\WINDOWS\System32\ADVAPI32.dll
0x00007ffdf7ef0000 - 0x00007ffdf7f8d000 	C:\WINDOWS\System32\msvcrt.dll
0x00007ffdf67c0000 - 0x00007ffdf6819000 	C:\WINDOWS\System32\sechost.dll
0x00007ffdf8ef0000 - 0x00007ffdf9015000 	C:\WINDOWS\System32\RPCRT4.dll
0x00007ffdf8d40000 - 0x00007ffdf8e8a000 	C:\WINDOWS\System32\USER32.dll
0x00007ffdf5550000 - 0x00007ffdf556e000 	C:\WINDOWS\System32\win32u.dll
0x00007ffdf81b0000 - 0x00007ffdf81d7000 	C:\WINDOWS\System32\GDI32.dll
0x00007ffdf58e0000 - 0x00007ffdf5a68000 	C:\WINDOWS\System32\gdi32full.dll
0x00007ffdf5840000 - 0x00007ffdf58da000 	C:\WINDOWS\System32\msvcp_win.dll
0x00007ffdf5740000 - 0x00007ffdf5836000 	C:\WINDOWS\System32\ucrtbase.dll
0x00007ffdeb580000 - 0x00007ffdeb7e7000 	C:\WINDOWS\WinSxS\amd64_microsoft.windows.common-controls_6595b64144ccf1df_6.0.15063.483_none_26002d27e7c744a2\COMCTL32.dll
0x00007ffdf8460000 - 0x00007ffdf8759000 	C:\WINDOWS\System32\combase.dll
0x00007ffdf64c0000 - 0x00007ffdf652a000 	C:\WINDOWS\System32\bcryptPrimitives.dll
0x00007ffdf80e0000 - 0x00007ffdf810d000 	C:\WINDOWS\System32\IMM32.DLL
0x000000005e8a0000 - 0x000000005e972000 	C:\Program Files\Java\jdk1.8.0_131\jre\bin\msvcr100.dll
0x000000005e980000 - 0x000000005f21c000 	C:\Program Files\Java\jdk1.8.0_131\jre\bin\server\jvm.dll
0x00007ffdf9040000 - 0x00007ffdf9048000 	C:\WINDOWS\System32\PSAPI.DLL
0x00007ffdf39b0000 - 0x00007ffdf39b9000 	C:\WINDOWS\SYSTEM32\WSOCK32.dll
0x00007ffdf3850000 - 0x00007ffdf3873000 	C:\WINDOWS\SYSTEM32\WINMM.dll
0x00007ffdf0250000 - 0x00007ffdf025a000 	C:\WINDOWS\SYSTEM32\VERSION.dll
0x00007ffdf6820000 - 0x00007ffdf688c000 	C:\WINDOWS\System32\WS2_32.dll
0x00007ffdf3820000 - 0x00007ffdf384b000 	C:\WINDOWS\SYSTEM32\winmmbase.dll
0x00007ffdf5a70000 - 0x00007ffdf5ab9000 	C:\WINDOWS\System32\cfgmgr32.dll
0x000000005e850000 - 0x000000005e85f000 	C:\Program Files\Java\jdk1.8.0_131\jre\bin\verify.dll
0x000000005e820000 - 0x000000005e849000 	C:\Program Files\Java\jdk1.8.0_131\jre\bin\java.dll
0x000000005e800000 - 0x000000005e816000 	C:\Program Files\Java\jdk1.8.0_131\jre\bin\zip.dll

VM Arguments:
java_command: com.mycompany.relation2.test.TestClass
java_class_path (initial): C:\Users\Grzegorz\Documents\NetBeansProjects\Relation\Relation2\target\classes;C:\Users\Grzegorz\.m2\repository\org\hibernate\hibernate-entitymanager\4.3.1.Final\hibernate-entitymanager-4.3.1.Final.jar;C:\Users\Grzegorz\.m2\repository\org\jboss\logging\jboss-logging\3.1.3.GA\jboss-logging-3.1.3.GA.jar;C:\Users\Grzegorz\.m2\repository\org\jboss\logging\jboss-logging-annotations\1.2.0.Beta1\jboss-logging-annotations-1.2.0.Beta1.jar;C:\Users\Grzegorz\.m2\repository\org\hibernate\hibernate-core\4.3.1.Final\hibernate-core-4.3.1.Final.jar;C:\Users\Grzegorz\.m2\repository\antlr\antlr\2.7.7\antlr-2.7.7.jar;C:\Users\Grzegorz\.m2\repository\org\jboss\jandex\1.1.0.Final\jandex-1.1.0.Final.jar;C:\Users\Grzegorz\.m2\repository\dom4j\dom4j\1.6.1\dom4j-1.6.1.jar;C:\Users\Grzegorz\.m2\repository\xml-apis\xml-apis\1.0.b2\xml-apis-1.0.b2.jar;C:\Users\Grzegorz\.m2\repository\org\hibernate\common\hibernate-commons-annotations\4.0.4.Final\hibernate-commons-annotations-4.0.4.Final.jar;C:\Users\Grzegorz\.m2\repository\org\jboss\spec\javax\transaction\jboss-transaction-api_1.2_spec\1.0.0.Final\jboss-transaction-api_1.2_spec-1.0.0.Final.jar;C:\Users\Grzegorz\.m2\repository\org\javassist\javassist\3.18.1-GA\javassist-3.18.1-GA.jar;C:\Users\Grzegorz\.m2\repository\org\hibernate\javax\persistence\hibernate-jpa-2.1-api\1.0.0.Final\hibernate-jpa-2.1-api-1.0.0.Final.jar;C:\Users\Grzegorz\.m2\repository\mysql\mysql-connector-java\6.0.4\mysql-connector-java-6.0.4.jar;C:\Users\Grzegorz\.m2\repository\unknown\binary\mysql-connector-java-5.1.23-bin\SNAPSHOT\mysql-connector-java-5.1.23-bin-SNAPSHOT.jar
Launcher Type: SUN_STANDARD

Environment Variables:
JAVA_HOME=C:\Program Files\Java\jdk1.8.0_131
PATH=c:\program files (x86)\pc connectivity solution\;c:\programdata\oracle\java\javapath;c:\windows\system32;c:\windows;c:\windows\system32\wbem;c:\program files (x86)\common files\microsoft shared\windows live;c:\windows\system32\windowspowershell\v1.0;c:\program files (x86)\autodesk\backburner;c:\program files\common files\autodesk shared;c:\program files (x86)\microsoft sql server\100\tools\binn;c:\program files\microsoft sql server\100\tools\binn;c:\program files\microsoft sql server\100\dts\binn;c:\program files (x86)\microsoft sql server\100\tools\binn\vsshell\common7\ide;c:\program files (x86)\microsoft sql server\100\dts\binn;c:\program files (x86)\quicktime\qtsystem;c:\windows\system32\windowspowershell\v1.0\;c:\program files\microsoft\web platform installer\;c:\program files (x86)\skype\phone\;C:\WINDOWS\system32;C:\WINDOWS;C:\WINDOWS\System32\Wbem;C:\WINDOWS\System32\WindowsPowerShell\v1.0\;C:\Program Files\Microsoft SQL Server\Client SDK\ODBC\110\Tools\Binn\;C:\Program Files (x86)\Microsoft SQL Server\120\Tools\Binn\;C:\Program Files\Microsoft SQL Server\120\Tools\Binn\;C:\Program Files\Microsoft SQL Server\120\DTS\Binn\;C:\Program Files (x86)\Microsoft SQL Server\120\Tools\Binn\ManagementStudio\;C:\Program Files (x86)\Microsoft SQL Server\120\DTS\Binn\;C:\Program Files\Microsoft SQL Server\130\Tools\Binn\;C:\Program Files\dotnet\;%SystemRoot%\system32;%SystemRoot%;%SystemRoot%\System32\Wbem;%SYSTEMROOT%\System32\WindowsPowerShell\v1.0\;C:\Program Files (x86)\NVIDIA Corporation\PhysX\Common;C:\Program Files\Common Files\Microsoft Shared\Windows Live;C:\Users\Grzegorz\AppData\Local\Microsoft\WindowsApps;
USERNAME=Grzegorz
OS=Windows_NT
PROCESSOR_IDENTIFIER=AMD64 Family 16 Model 10 Stepping 0, AuthenticAMD



---------------  S Y S T E M  ---------------

OS: Windows 10.0 , 64 bit Build 15063 (10.0.15063.296)

CPU:total 6 (initial active 6) (6 cores per cpu, 1 threads per core) family 16 model 10 stepping 0, cmov, cx8, fxsr, mmx, sse, sse2, sse3, popcnt, mmxext, 3dnowpref, lzcnt, sse4a, tsc, tscinvbit, tscinv

Memory: 4k page, physical 8386100k(2558896k free), swap 10868808k(5520k free)

vm_info: Java HotSpot(TM) 64-Bit Server VM (25.131-b11) for windows-amd64 JRE (1.8.0_131-b11), built on Mar 15 2017 01:23:53 by "java_re" with MS VC++ 10.0 (VS2010)

time: Thu Jul 27 16:17:26 2017
elapsed time: 0 seconds (0d 0h 0m 0s)

